<?xml version="1.0" encoding="UTF-8"?>
<!-- Generated by org.testng.reporters.JUnitXMLReporter -->
<testsuite ignored="1" hostname="T" failures="0" tests="2" name="Default test" time="23.764" errors="0" timestamp="2024-11-30T21:39:35 IST">
  <testcase classname="Twarita.e2e_Selenium_TestNG_Framework.tests.SubmitOrderTest" name="submitOrder" time="7.248"/>
  <testcase classname="Twarita.e2e_Selenium_TestNG_Framework.tests.SubmitOrderTest" name="submitOrder" time="7.167"/>
  <testcase classname="Twarita.e2e_Selenium_TestNG_Framework.tests.SubmitOrderTest" name="verifyOrderPlaced" time="0.0">
    <ignored/>
  </testcase> <!-- verifyOrderPlaced -->
</testsuite> <!-- Default test -->
