<?xml version="1.0" encoding="UTF-8"?>
<!-- Generated by org.testng.reporters.JUnitXMLReporter -->
<testsuite ignored="0" hostname="T" failures="0" tests="2" name="Error Validations Test" time="9.724" errors="0" timestamp="2024-12-12T20:35:43 IST">
  <testcase classname="Twarita.e2e_Selenium_TestNG_Framework.tests.ErrorValidationTests" name="loginErrorValidation" time="0.369"/>
  <testcase classname="Twarita.e2e_Selenium_TestNG_Framework.tests.ErrorValidationTests" name="submitOrderFailure" time="0.561"/>
</testsuite> <!-- Error Validations Test -->
